0 info it worked if it ends with ok
1 verbose cli [ '/Users/billy/.nvm/versions/node/v7.2.0/bin/node',
1 verbose cli   '/Users/billy/.nvm/versions/node/v7.2.0/bin/npm',
1 verbose cli   'run',
1 verbose cli   'dev' ]
2 info using npm@3.10.9
3 info using node@v7.2.0
4 verbose run-script [ 'predev', 'dev', 'postdev' ]
5 info lifecycle dapp-scratch@0.0.1~predev: dapp-scratch@0.0.1
6 silly lifecycle dapp-scratch@0.0.1~predev: no script for predev, continuing
7 info lifecycle dapp-scratch@0.0.1~dev: dapp-scratch@0.0.1
8 verbose lifecycle dapp-scratch@0.0.1~dev: unsafe-perm in lifecycle true
9 verbose lifecycle dapp-scratch@0.0.1~dev: PATH: /Users/billy/.nvm/versions/node/v7.2.0/lib/node_modules/npm/bin/node-gyp-bin:/Users/billy/Documents/htdocs/dapp-scratch/node_modules/.bin:/Users/billy/.gvm/bin:/Users/billy/.phpbrew/php/php-7.0.23/bin:/Users/billy/.phpbrew/bin:/Users/billy/.nvm/versions/node/v7.2.0/bin:/Users/billy/bin:/usr/local/sbin:/Applications/MAMP/bin/php/php5.3.28/bin:/usr/local/bin:/usr/bin:/usr/local/heroku/bin:/Applications/AIRSDK/bin:/usr/local/bin:/usr/bin:/bin:/usr/sbin:/sbin:/Users/billy/.composer/vendor/bin:/Users/billy/.go/bin
10 verbose lifecycle dapp-scratch@0.0.1~dev: CWD: /Users/billy/Documents/htdocs/dapp-scratch
11 silly lifecycle dapp-scratch@0.0.1~dev: Args: [ '-c', 'esw -w ./assets' ]
12 silly lifecycle dapp-scratch@0.0.1~dev: Returned: code: 1  signal: null
13 info lifecycle dapp-scratch@0.0.1~dev: Failed to exec dev script
14 verbose stack Error: dapp-scratch@0.0.1 dev: `esw -w ./assets`
14 verbose stack Exit status 1
14 verbose stack     at EventEmitter.<anonymous> (/Users/billy/.nvm/versions/node/v7.2.0/lib/node_modules/npm/lib/utils/lifecycle.js:255:16)
14 verbose stack     at emitTwo (events.js:106:13)
14 verbose stack     at EventEmitter.emit (events.js:191:7)
14 verbose stack     at ChildProcess.<anonymous> (/Users/billy/.nvm/versions/node/v7.2.0/lib/node_modules/npm/lib/utils/spawn.js:40:14)
14 verbose stack     at emitTwo (events.js:106:13)
14 verbose stack     at ChildProcess.emit (events.js:191:7)
14 verbose stack     at maybeClose (internal/child_process.js:885:16)
14 verbose stack     at Process.ChildProcess._handle.onexit (internal/child_process.js:226:5)
15 verbose pkgid dapp-scratch@0.0.1
16 verbose cwd /Users/billy/Documents/htdocs/dapp-scratch
17 error Darwin 16.6.0
18 error argv "/Users/billy/.nvm/versions/node/v7.2.0/bin/node" "/Users/billy/.nvm/versions/node/v7.2.0/bin/npm" "run" "dev"
19 error node v7.2.0
20 error npm  v3.10.9
21 error code ELIFECYCLE
22 error dapp-scratch@0.0.1 dev: `esw -w ./assets`
22 error Exit status 1
23 error Failed at the dapp-scratch@0.0.1 dev script 'esw -w ./assets'.
23 error Make sure you have the latest version of node.js and npm installed.
23 error If you do, this is most likely a problem with the dapp-scratch package,
23 error not with npm itself.
23 error Tell the author that this fails on your system:
23 error     esw -w ./assets
23 error You can get information on how to open an issue for this project with:
23 error     npm bugs dapp-scratch
23 error Or if that isn't available, you can get their info via:
23 error     npm owner ls dapp-scratch
23 error There is likely additional logging output above.
24 verbose exit [ 1, true ]
